<?xml version="1.0" encoding="utf-8"?><testsuites><testsuite name="pytest" errors="0" failures="0" skipped="0" tests="50" time="0.114" timestamp="2022-09-10T18:01:12.801091" hostname="Martins-MacBook-Pro.local"><testcase classname="leetcode.array.test.test_combination_sum" name="test_combination_sum[candidates0-7-expected0]" time="0.001" /><testcase classname="leetcode.array.test.test_combination_sum" name="test_combination_sum[candidates1-8-expected1]" time="0.000" /><testcase classname="leetcode.array.test.test_combination_sum" name="test_combination_sum[candidates2-1-expected2]" time="0.000" /><testcase classname="leetcode.array.test.test_combination_sum" name="test_combination_sum[candidates3-1-expected3]" time="0.000" /><testcase classname="leetcode.array.test.test_maximum_subarray" name="test_max_subarray[nums0-6]" time="0.000" /><testcase classname="leetcode.array.test.test_maximum_subarray" name="test_max_subarray[nums1-1]" time="0.000" /><testcase classname="leetcode.array.test.test_maximum_subarray" name="test_max_subarray[nums2-23]" time="0.000" /><testcase classname="leetcode.array.test.test_maximum_subarray" name="test_max_subarray[nums3--1]" time="0.000" /><testcase classname="leetcode.array.test.test_two_sum" name="test_two_sum[naiive-nums0-9-expected0]" time="0.000" /><testcase classname="leetcode.array.test.test_two_sum" name="test_two_sum[naiive-nums1-6-expected1]" time="0.000" /><testcase classname="leetcode.array.test.test_two_sum" name="test_two_sum[naiive-nums2-6-expected2]" time="0.000" /><testcase classname="leetcode.array.test.test_two_sum" name="test_two_sum[optimized-nums0-9-expected0]" time="0.000" /><testcase classname="leetcode.array.test.test_two_sum" name="test_two_sum[optimized-nums1-6-expected1]" time="0.000" /><testcase classname="leetcode.array.test.test_two_sum" name="test_two_sum[optimized-nums2-6-expected2]" time="0.000" /><testcase classname="leetcode.array.test.test_two_sum" name="test_two_sum_invalid[naiive-nums0-100]" time="0.000" /><testcase classname="leetcode.array.test.test_two_sum" name="test_two_sum_invalid[naiive-nums1-10]" time="0.000" /><testcase classname="leetcode.array.test.test_two_sum" name="test_two_sum_invalid[naiive-nums2-9]" time="0.000" /><testcase classname="leetcode.array.test.test_two_sum" name="test_two_sum_invalid[optimized-nums0-100]" time="0.000" /><testcase classname="leetcode.array.test.test_two_sum" name="test_two_sum_invalid[optimized-nums1-10]" time="0.000" /><testcase classname="leetcode.array.test.test_two_sum" name="test_two_sum_invalid[optimized-nums2-9]" time="0.000" /><testcase classname="leetcode.inteval.test.test_insert_interval" name="test_insert[intervals0-new_interval0-expected0]" time="0.000" /><testcase classname="leetcode.inteval.test.test_insert_interval" name="test_insert[intervals1-new_interval1-expected1]" time="0.000" /><testcase classname="leetcode.inteval.test.test_insert_interval" name="test_insert[intervals2-new_interval2-expected2]" time="0.000" /><testcase classname="leetcode.matrix.test.test_spiral_matrix" name="test_spiral_order[matrix0-expected0]" time="0.000" /><testcase classname="leetcode.matrix.test.test_spiral_matrix" name="test_spiral_order[matrix1-expected1]" time="0.000" /><testcase classname="leetcode.string.test.test_longest_repeating_character" name="test_longest_repeating_character[ABAB-2-4]" time="0.000" /><testcase classname="leetcode.string.test.test_longest_repeating_character" name="test_longest_repeating_character[AABABBA-1-4]" time="0.000" /><testcase classname="leetcode.string.test.test_longest_repeating_character" name="test_longest_repeating_character[BAAAABBA-1-5]" time="0.000" /><testcase classname="leetcode.string.test.test_longest_repeating_character" name="test_longest_repeating_character[BAAAABBA-3-8]" time="0.000" /><testcase classname="leetcode.string.test.test_longest_repeating_character" name="test_longest_repeating_character[BAAAABBBBBA-1-6]" time="0.000" /><testcase classname="leetcode.string.test.test_longest_repeating_character" name="test_longest_repeating_character[CBAAAABBBBBA-2-7]" time="0.000" /><testcase classname="leetcode.string.test.test_longest_repeating_character" name="test_longest_repeating_character[CBAAAABBBBBA-1-6]" time="0.000" /><testcase classname="leetcode.string.test.test_longest_repeating_character" name="test_longest_repeating_character[CABAAAABBBBBA-2-7]" time="0.000" /><testcase classname="leetcode.string.test.test_longest_repeating_character" name="test_longest_repeating_character[-1-0]" time="0.000" /><testcase classname="leetcode.string.test.test_longest_repeating_character" name="test_longest_repeating_character[AAAA-3-4]" time="0.000" /><testcase classname="leetcode.string.test.test_longest_repeating_character" name="test_longest_repeating_character[AAAA-1-4]" time="0.000" /><testcase classname="leetcode.string.test.test_longest_substring" name="test_length_of_longest_substring[abcabcbb-3]" time="0.000" /><testcase classname="leetcode.string.test.test_longest_substring" name="test_length_of_longest_substring[bbbbb-1]" time="0.000" /><testcase classname="leetcode.string.test.test_longest_substring" name="test_length_of_longest_substring[pwwkew-3]" time="0.000" /><testcase classname="leetcode.string.test.test_longest_substring" name="test_length_of_longest_substring[tmmzuxt-5]" time="0.000" /><testcase classname="leetcode.string.test.test_longest_substring" name="test_length_of_longest_substring[kljhjjff-4]" time="0.000" /><testcase classname="leetcode.tree.test.test_max_depth" name="test_max_depth[tree0-3]" time="0.000" /><testcase classname="leetcode.tree.test.test_max_depth" name="test_max_depth[tree1-2]" time="0.000" /><testcase classname="leetcode.tree.test.test_same_tree" name="test_same_tree[p0-q0-True]" time="0.000" /><testcase classname="leetcode.tree.test.test_same_tree" name="test_same_tree[p1-q1-False]" time="0.000" /><testcase classname="leetcode.tree.test.test_same_tree" name="test_same_tree[p2-q2-False]" time="0.000" /><testcase classname="leetcode.tree.test.test_valid_binary_tree" name="test_valid_binary_tree[root0-True]" time="0.000" /><testcase classname="leetcode.tree.test.test_valid_binary_tree" name="test_valid_binary_tree[root1-False]" time="0.000" /><testcase classname="leetcode.tree.test.test_valid_binary_tree" name="test_valid_binary_tree[root2-True]" time="0.000" /><testcase classname="leetcode.tree.test.test_valid_binary_tree" name="test_valid_binary_tree[None-True]" time="0.000" /></testsuite></testsuites>